[debug] [2020-06-07T09:03:49.753Z] ----------------------------------------------------------------------
[debug] [2020-06-07T09:03:49.756Z] Command:       /Users/tichx/.nvm/versions/node/v13.12.0/bin/node /Users/tichx/.nvm/versions/node/v13.12.0/bin/firebase login
[debug] [2020-06-07T09:03:49.756Z] CLI Version:   8.4.2
[debug] [2020-06-07T09:03:49.756Z] Platform:      darwin
[debug] [2020-06-07T09:03:49.756Z] Node Version:  v13.12.0
[debug] [2020-06-07T09:03:49.757Z] Time:          Sun Jun 07 2020 17:03:49 GMT+0800 (China Standard Time)
[debug] [2020-06-07T09:03:49.757Z] ----------------------------------------------------------------------
[debug] [2020-06-07T09:03:49.757Z] 
[info] i  Firebase optionally collects CLI usage and error reporting information to help improve our products. Data is collected in accordance with Google's privacy policy (https://policies.google.com/privacy) and is not used to identify you.
 
[info] i  To change your data collection preference at any time, run `firebase logout` and log in again. 
[info] 
[info] Visit this URL on this device to log in:
[info] https://accounts.google.com/o/oauth2/auth?client_id=563584335869-fgrhgmd47bqnekij5i8b5pr03ho849e6.apps.googleusercontent.com&scope=email%20openid%20https%3A%2F%2Fwww.googleapis.com%2Fauth%2Fcloudplatformprojects.readonly%20https%3A%2F%2Fwww.googleapis.com%2Fauth%2Ffirebase%20https%3A%2F%2Fwww.googleapis.com%2Fauth%2Fcloud-platform&response_type=code&state=873674488&redirect_uri=http%3A%2F%2Flocalhost%3A9005
[info] 
[info] Waiting for authentication...
[debug] [2020-06-07T09:04:05.080Z] >>> HTTP REQUEST POST https://accounts.google.com/o/oauth2/token  
 {"code":"4/0gEC0zfMXH413tyXFCfpgoQydaXxQyoVRduj_4iVcaubhhhod8JVAd-J-ozmheriXf4roSgcjOSoSeRF_0KMiVc","client_id":"563584335869-fgrhgmd47bqnekij5i8b5pr03ho849e6.apps.googleusercontent.com","client_secret":"j9iVZfS8kkCEFUPaAeJV0sAi","redirect_uri":"http://localhost:9005","grant_type":"authorization_code"}
[debug] [2020-06-07T09:05:21.024Z] Token Fetch Error: FirebaseError: Server Error. connect ETIMEDOUT 172.217.160.109:443
    at Request._callback (/Users/tichx/.nvm/versions/node/v13.12.0/lib/node_modules/firebase-tools/lib/api.js:32:31)
    at self.callback (/Users/tichx/.nvm/versions/node/v13.12.0/lib/node_modules/firebase-tools/node_modules/request/request.js:185:22)
    at Request.emit (events.js:315:20)
    at Request.EventEmitter.emit (domain.js:485:12)
    at Request.onRequestError (/Users/tichx/.nvm/versions/node/v13.12.0/lib/node_modules/firebase-tools/node_modules/request/request.js:877:8)
    at ClientRequest.emit (events.js:315:20)
    at ClientRequest.EventEmitter.emit (domain.js:485:12)
    at TLSSocket.socketErrorListener (_http_client.js:432:9)
    at TLSSocket.emit (events.js:315:20)
    at TLSSocket.EventEmitter.emit (domain.js:485:12)
    at emitErrorNT (internal/streams/destroy.js:84:8)
    at processTicksAndRejections (internal/process/task_queues.js:84:21)
[debug] [2020-06-07T09:15:29.793Z] >>> HTTP REQUEST POST https://accounts.google.com/o/oauth2/token  
 {"code":"4/0gEC0zfMXH413tyXFCfpgoQydaXxQyoVRduj_4iVcaubhhhod8JVAd-J-ozmheriXf4roSgcjOSoSeRF_0KMiVc","client_id":"563584335869-fgrhgmd47bqnekij5i8b5pr03ho849e6.apps.googleusercontent.com","client_secret":"j9iVZfS8kkCEFUPaAeJV0sAi","redirect_uri":"http://localhost:9005","grant_type":"authorization_code"}
[debug] [2020-06-07T09:15:34.820Z] ----------------------------------------------------------------------
[debug] [2020-06-07T09:15:34.822Z] Command:       /Users/tichx/.nvm/versions/node/v13.12.0/bin/node /Users/tichx/.nvm/versions/node/v13.12.0/bin/firebase login
[debug] [2020-06-07T09:15:34.822Z] CLI Version:   8.4.2
[debug] [2020-06-07T09:15:34.822Z] Platform:      darwin
[debug] [2020-06-07T09:15:34.822Z] Node Version:  v13.12.0
[debug] [2020-06-07T09:15:34.823Z] Time:          Sun Jun 07 2020 17:15:34 GMT+0800 (China Standard Time)
[debug] [2020-06-07T09:15:34.823Z] ----------------------------------------------------------------------
[debug] [2020-06-07T09:15:34.823Z] 
[info] i  Firebase optionally collects CLI usage and error reporting information to help improve our products. Data is collected in accordance with Google's privacy policy (https://policies.google.com/privacy) and is not used to identify you.
 
[info] i  To change your data collection preference at any time, run `firebase logout` and log in again. 
[info] 
[info] Visit this URL on this device to log in:
[info] https://accounts.google.com/o/oauth2/auth?client_id=563584335869-fgrhgmd47bqnekij5i8b5pr03ho849e6.apps.googleusercontent.com&scope=email%20openid%20https%3A%2F%2Fwww.googleapis.com%2Fauth%2Fcloudplatformprojects.readonly%20https%3A%2F%2Fwww.googleapis.com%2Fauth%2Ffirebase%20https%3A%2F%2Fwww.googleapis.com%2Fauth%2Fcloud-platform&response_type=code&state=1032939619&redirect_uri=http%3A%2F%2Flocalhost%3A9005
[info] 
[info] Waiting for authentication...
[debug] [2020-06-07T09:16:12.669Z] >>> HTTP REQUEST POST https://accounts.google.com/o/oauth2/token  
 {"code":"4/0gH98Gk2gX57YdRcC6eMKuM-BKlGzWp7X_PS0BFBOiNkKEyENqhCCSeKF6SdByNBqNWdAoFQegTJ8TAsgPBgY-g","client_id":"563584335869-fgrhgmd47bqnekij5i8b5pr03ho849e6.apps.googleusercontent.com","client_secret":"j9iVZfS8kkCEFUPaAeJV0sAi","redirect_uri":"http://localhost:9005","grant_type":"authorization_code"}
